<?xml version="1.0" encoding="UTF-8"?>
<!-- Generated by org.testng.reporters.JUnitXMLReporter -->
<testsuite hostname="SCC0679" ignored="0" name="Home_WebView_Pages_Tests" tests="15" failures="3" timestamp="18 dec 2018 21:47:40 GMT" time="22.473" errors="0">
  <testcase name="isPageLoadedTest" time="0.157" classname="com.appium.youness.tests.HomePageTest"/>
  <testcase name="clickChromeIconTest" time="0.353" classname="com.appium.youness.tests.HomePageTest"/>
  <testcase name="isPageUnloadedTest" time="1.432" classname="com.appium.youness.tests.HomePageTest"/>
  <testcase name="isPageLoadedTest" time="1.25" classname="com.appium.youness.tests.CarSelectionPageTest"/>
  <testcase name="enterUserNameTest" time="10.716" classname="com.appium.youness.tests.CarSelectionPageTest"/>
  <testcase name="performCarSelectionTest" time="2.02" classname="com.appium.youness.tests.CarSelectionPageTest"/>
  <testcase name="clickSendNameButtonTest" time="0.209" classname="com.appium.youness.tests.CarSelectionPageTest"/>
  <testcase name="isUserDataShownTest" time="1.218" classname="com.appium.youness.tests.CarSelectionPageTest"/>
  <testcase name="isPageUnloadedTest" time="0.103" classname="com.appium.youness.tests.CarSelectionPageTest"/>
  <testcase name="returnToHomePageTest" time="1.177" classname="com.appium.youness.tests.PopUpPageTest"/>
  <testcase name="isPageLoadedTest" time="0.048" classname="com.appium.youness.tests.PopUpPageTest"/>
  <testcase name="getPopUpWindowTextTest" time="3.172" classname="com.appium.youness.tests.PopUpPageTest">
    <failure type="org.openqa.selenium.WebDriverException" message="An unknown server-side error occurred while processing the command. Original error: String index out of range: -1
Build info: version: &amp;apos;3.12.0&amp;apos;, revision: &amp;apos;7c6e0b3&amp;apos;, time: &amp;apos;2018-05-08T14:04:26.12Z&amp;apos;
System info: host: &amp;apos;SCC0679&amp;apos;, ip: &amp;apos;192.168.1.7&amp;apos;, os.name: &amp;apos;Windows 10&amp;apos;, os.arch: &amp;apos;amd64&amp;apos;, os.version: &amp;apos;10.0&amp;apos;, java.version: &amp;apos;1.8.0_181&amp;apos;
Driver info: io.appium.java_client.android.AndroidDriver
Capabilities {app: C:\appium_files\selendroid-..., appActivity: io.selendroid.testapp.HomeS..., appPackage: io.selendroid.testapp, appWaitActivity: io.selendroid.testapp.HomeS..., appWaitPackage: io.selendroid.testapp, databaseEnabled: false, desired: {app: C:\appium_files\selendroid-..., deviceName: emulator-5554, noReset: false, platformName: android}, deviceManufacturer: Google, deviceModel: Android SDK built for x86, deviceName: emulator-5554, deviceScreenSize: 1080x1920, deviceUDID: emulator-5554, javascriptEnabled: true, locationContextEnabled: false, networkConnectionEnabled: true, noReset: false, platform: LINUX, platformName: Android, platformVersion: 8.1.0, takesScreenshot: true, warnings: {}, webStorageEnabled: false}
Session ID: 1f1fa062-5b45-4a52-9ee5-09e43c62aa3a
*** Element info: {Using=-android uiautomator, value=It&amp;apos;s a PopupWindow}">
      <![CDATA[org.openqa.selenium.WebDriverException: An unknown server-side error occurred while processing the command. Original error: String index out of range: -1
Build info: version: '3.12.0', revision: '7c6e0b3', time: '2018-05-08T14:04:26.12Z'
System info: host: 'SCC0679', ip: '192.168.1.7', os.name: 'Windows 10', os.arch: 'amd64', os.version: '10.0', java.version: '1.8.0_181'
Driver info: io.appium.java_client.android.AndroidDriver
Capabilities {app: C:\appium_files\selendroid-..., appActivity: io.selendroid.testapp.HomeS..., appPackage: io.selendroid.testapp, appWaitActivity: io.selendroid.testapp.HomeS..., appWaitPackage: io.selendroid.testapp, databaseEnabled: false, desired: {app: C:\appium_files\selendroid-..., deviceName: emulator-5554, noReset: false, platformName: android}, deviceManufacturer: Google, deviceModel: Android SDK built for x86, deviceName: emulator-5554, deviceScreenSize: 1080x1920, deviceUDID: emulator-5554, javascriptEnabled: true, locationContextEnabled: false, networkConnectionEnabled: true, noReset: false, platform: LINUX, platformName: Android, platformVersion: 8.1.0, takesScreenshot: true, warnings: {}, webStorageEnabled: false}
Session ID: 1f1fa062-5b45-4a52-9ee5-09e43c62aa3a
*** Element info: {Using=-android uiautomator, value=It's a PopupWindow}
at org.openqa.selenium.remote.http.W3CHttpResponseCodec.createException(W3CHttpResponseCodec.java:187)
at org.openqa.selenium.remote.http.W3CHttpResponseCodec.decode(W3CHttpResponseCodec.java:122)
at org.openqa.selenium.remote.http.W3CHttpResponseCodec.decode(W3CHttpResponseCodec.java:49)
at org.openqa.selenium.remote.HttpCommandExecutor.execute(HttpCommandExecutor.java:158)
at io.appium.java_client.remote.AppiumCommandExecutor.execute(AppiumCommandExecutor.java:231)
at org.openqa.selenium.remote.RemoteWebDriver.execute(RemoteWebDriver.java:543)
at io.appium.java_client.DefaultGenericMobileDriver.execute(DefaultGenericMobileDriver.java:42)
at io.appium.java_client.AppiumDriver.execute(AppiumDriver.java:1)
at io.appium.java_client.android.AndroidDriver.execute(AndroidDriver.java:1)
at org.openqa.selenium.remote.RemoteWebDriver.findElements(RemoteWebDriver.java:344)
at io.appium.java_client.DefaultGenericMobileDriver.findElements(DefaultGenericMobileDriver.java:54)
at io.appium.java_client.AppiumDriver.findElements(AppiumDriver.java:152)
at io.appium.java_client.FindsByAndroidUIAutomator.findElementsByAndroidUIAutomator(FindsByAndroidUIAutomator.java:51)
at io.appium.java_client.MobileBy$ByAndroidUIAutomator.findElements(MobileBy.java:211)
at org.openqa.selenium.remote.RemoteWebDriver.findElements(RemoteWebDriver.java:305)
at io.appium.java_client.DefaultGenericMobileDriver.findElements(DefaultGenericMobileDriver.java:50)
at io.appium.java_client.AppiumDriver.findElements(AppiumDriver.java:148)
at org.openqa.selenium.support.ui.ExpectedConditions.findElement(ExpectedConditions.java:895)
at org.openqa.selenium.support.ui.ExpectedConditions.access$000(ExpectedConditions.java:44)
at org.openqa.selenium.support.ui.ExpectedConditions$6.apply(ExpectedConditions.java:183)
at org.openqa.selenium.support.ui.ExpectedConditions$6.apply(ExpectedConditions.java:180)
at org.openqa.selenium.support.ui.FluentWait.until(FluentWait.java:248)
at com.appium.youness.core.BasePage.waitToAppear(BasePage.java:66)
at com.appium.youness.pages.PopUpPage.getPopUpWindowText(PopUpPage.java:54)
at com.appium.youness.tests.PopUpPageTest.getPopUpWindowTextTest(PopUpPageTest.java:39)
... Removed 33 stack frames]]>
    </failure>
  </testcase> <!-- getPopUpWindowTextTest -->
  <testcase name="dismissPopUpWindowTest" time="0.06" classname="com.appium.youness.tests.PopUpPageTest">
    <failure type="java.lang.NullPointerException">
      <![CDATA[java.lang.NullPointerException
at com.appium.youness.pages.PopUpPage.dismissPopUpWindow(PopUpPage.java:66)
at com.appium.youness.tests.PopUpPageTest.dismissPopUpWindowTest(PopUpPageTest.java:45)
... Removed 29 stack frames]]>
    </failure>
  </testcase> <!-- dismissPopUpWindowTest -->
  <testcase name="clickThrowExceptionButton" time="0.435" classname="com.appium.youness.tests.PopUpPageTest">
    <failure type="java.lang.AssertionError" message="Expected to faild. Exception thrown by clicking the exception button! expected [true] but found [false]">
      <![CDATA[java.lang.AssertionError: Expected to faild. Exception thrown by clicking the exception button! expected [true] but found [false]
at com.appium.youness.tests.PopUpPageTest.clickThrowExceptionButton(PopUpPageTest.java:51)
... Removed 32 stack frames]]>
    </failure>
  </testcase> <!-- clickThrowExceptionButton -->
  <testcase name="isPageUnloadedTest" time="0.0" classname="com.appium.youness.tests.PopUpPageTest"/>
</testsuite> <!-- Home_WebView_Pages_Tests -->
